#! /usr/bin/vvp
:ivl_version "0.9.7 " "(v0_9_7)";
:vpi_time_precision + 0;
:vpi_module "system";
:vpi_module "v2005_math";
:vpi_module "va_math";
S_0x1d61730 .scope module, "encoder_tb" "encoder_tb" 2 3;
 .timescale 0 0;
v0x1da66f0_0 .var "in", 3 0;
v0x1da67c0_0 .net "out", 1 0, v0x1da6650_0; 1 drivers
S_0x1d61820 .scope module, "a1" "encoder" 2 7, 3 1, S_0x1d61730;
 .timescale 0 0;
v0x1d97560_0 .net "in", 3 0, v0x1da66f0_0; 1 drivers
v0x1da6650_0 .var "out", 1 0;
E_0x1d730d0 .event edge, v0x1d97560_0;
    .scope S_0x1d61820;
T_0 ;
    %wait E_0x1d730d0;
    %load/v 8, v0x1d97560_0, 4;
    %cmpi/u 8, 0, 4;
    %jmp/1 T_0.0, 6;
    %cmpi/u 8, 1, 4;
    %jmp/1 T_0.1, 6;
    %cmpi/u 8, 2, 4;
    %jmp/1 T_0.2, 6;
    %cmpi/u 8, 4, 4;
    %jmp/1 T_0.3, 6;
    %cmpi/u 8, 8, 4;
    %jmp/1 T_0.4, 6;
    %cassign/v v0x1da6650_0, 3, 2;
    %jmp T_0.6;
T_0.0 ;
    %cassign/v v0x1da6650_0, 2, 2;
    %jmp T_0.6;
T_0.1 ;
    %cassign/v v0x1da6650_0, 0, 2;
    %jmp T_0.6;
T_0.2 ;
    %movi 8, 1, 2;
    %set/v v0x1da6650_0, 8, 2;
    %jmp T_0.6;
T_0.3 ;
    %movi 8, 2, 2;
    %cassign/v v0x1da6650_0, 8, 2;
    %jmp T_0.6;
T_0.4 ;
    %cassign/v v0x1da6650_0, 1, 2;
    %jmp T_0.6;
T_0.6 ;
    %jmp T_0;
    .thread T_0, $push;
    .scope S_0x1d61730;
T_1 ;
    %vpi_call 2 11 "$monitor", "in = %b, out = %b", v0x1da66f0_0, v0x1da67c0_0;
    %set/v v0x1da66f0_0, 0, 4;
    %delay 1, 0;
    %movi 10, 1, 4;
    %set/v v0x1da66f0_0, 10, 4;
    %delay 1, 0;
    %movi 10, 2, 4;
    %set/v v0x1da66f0_0, 10, 4;
    %delay 1, 0;
    %movi 10, 4, 4;
    %set/v v0x1da66f0_0, 10, 4;
    %delay 1, 0;
    %movi 10, 8, 4;
    %set/v v0x1da66f0_0, 10, 4;
    %delay 1, 0;
    %movi 10, 11, 4;
    %set/v v0x1da66f0_0, 10, 4;
    %end;
    .thread T_1;
# The file index is used to find the file name in the following table.
:file_names 4;
    "N/A";
    "<interactive>";
    "encoder_tb.v";
    "./encoder.v";
