#! /usr/bin/vvp
:ivl_version "10.1 (stable)";
:ivl_delay_selection "TYPICAL";
:vpi_time_precision + 0;
:vpi_module "system";
:vpi_module "vhdl_sys";
:vpi_module "v2005_math";
:vpi_module "va_math";
S_0x564314dc22b0 .scope module, "main" "main" 2 1;
 .timescale 0 0;
v0x564314de3ae0_0 .var "num1", 0 3;
v0x564314de3bf0_0 .var "num2", 0 3;
v0x564314de3d00_0 .net "res", 0 7, L_0x564314de3da0;  1 drivers
E_0x564314db1160 .event edge, v0x564314de35f0_0;
S_0x564314dc2430 .scope module, "dut" "BCDMultiplier" 2 4, 3 8 0, S_0x564314dc22b0;
 .timescale 0 0;
    .port_info 0 /INPUT 4 "BCDNum1"
    .port_info 1 /INPUT 4 "BCDNum2"
    .port_info 2 /OUTPUT 8 "BCDRes"
v0x564314de3490_0 .net "BCDNum1", 0 3, v0x564314de3ae0_0;  1 drivers
v0x564314de3550_0 .net "BCDNum2", 0 3, v0x564314de3bf0_0;  1 drivers
v0x564314de35f0_0 .net "BCDRes", 0 7, L_0x564314de3da0;  alias, 1 drivers
v0x564314de3690_0 .var "binRes", 0 6;
v0x564314de3770_0 .var "digit1", 0 3;
v0x564314de38a0_0 .var "digit2", 0 3;
v0x564314de3980_0 .net "validation", 0 1, L_0x564314de4990;  1 drivers
E_0x564314db1450 .event edge, v0x564314de2d40_0, v0x564314dc2780_0;
L_0x564314de3da0 .concat [ 4 4 0 0], v0x564314de38a0_0, v0x564314de3770_0;
L_0x564314de4990 .concat8 [ 1 1 0 0], L_0x564314de4880, L_0x564314de42c0;
S_0x564314dc25b0 .scope module, "val1" "BCDValidator" 3 16, 4 7 0, S_0x564314dc2430;
 .timescale 0 0;
    .port_info 0 /INPUT 4 "BCDNum"
    .port_info 1 /OUTPUT 1 "out"
L_0x564314dbfb70 .functor AND 1, L_0x564314de3e90, L_0x564314de3f30, C4<1>, C4<1>;
L_0x564314dbfbe0 .functor AND 1, L_0x564314de4080, L_0x564314de4120, C4<1>, C4<1>;
L_0x564314de42c0 .functor OR 1, L_0x564314dbfb70, L_0x564314dbfbe0, C4<0>, C4<0>;
v0x564314dc2780_0 .net "BCDNum", 0 3, v0x564314de3ae0_0;  alias, 1 drivers
v0x564314de2520_0 .net *"_s1", 0 0, L_0x564314de3e90;  1 drivers
v0x564314de2600_0 .net *"_s10", 0 0, L_0x564314dbfbe0;  1 drivers
v0x564314de26a0_0 .net *"_s3", 0 0, L_0x564314de3f30;  1 drivers
v0x564314de2780_0 .net *"_s4", 0 0, L_0x564314dbfb70;  1 drivers
v0x564314de2890_0 .net *"_s7", 0 0, L_0x564314de4080;  1 drivers
v0x564314de2970_0 .net *"_s9", 0 0, L_0x564314de4120;  1 drivers
v0x564314de2a50_0 .net "out", 0 0, L_0x564314de42c0;  1 drivers
L_0x564314de3e90 .part v0x564314de3ae0_0, 3, 1;
L_0x564314de3f30 .part v0x564314de3ae0_0, 2, 1;
L_0x564314de4080 .part v0x564314de3ae0_0, 3, 1;
L_0x564314de4120 .part v0x564314de3ae0_0, 1, 1;
S_0x564314de2b70 .scope module, "val2" "BCDValidator" 3 17, 4 7 0, S_0x564314dc2430;
 .timescale 0 0;
    .port_info 0 /INPUT 4 "BCDNum"
    .port_info 1 /OUTPUT 1 "out"
L_0x564314de4510 .functor AND 1, L_0x564314de43d0, L_0x564314de4470, C4<1>, C4<1>;
L_0x564314de4740 .functor AND 1, L_0x564314de45d0, L_0x564314de4670, C4<1>, C4<1>;
L_0x564314de4880 .functor OR 1, L_0x564314de4510, L_0x564314de4740, C4<0>, C4<0>;
v0x564314de2d40_0 .net "BCDNum", 0 3, v0x564314de3bf0_0;  alias, 1 drivers
v0x564314de2e40_0 .net *"_s1", 0 0, L_0x564314de43d0;  1 drivers
v0x564314de2f20_0 .net *"_s10", 0 0, L_0x564314de4740;  1 drivers
v0x564314de2fc0_0 .net *"_s3", 0 0, L_0x564314de4470;  1 drivers
v0x564314de30a0_0 .net *"_s4", 0 0, L_0x564314de4510;  1 drivers
v0x564314de31b0_0 .net *"_s7", 0 0, L_0x564314de45d0;  1 drivers
v0x564314de3290_0 .net *"_s9", 0 0, L_0x564314de4670;  1 drivers
v0x564314de3370_0 .net "out", 0 0, L_0x564314de4880;  1 drivers
L_0x564314de43d0 .part v0x564314de3bf0_0, 3, 1;
L_0x564314de4470 .part v0x564314de3bf0_0, 2, 1;
L_0x564314de45d0 .part v0x564314de3bf0_0, 3, 1;
L_0x564314de4670 .part v0x564314de3bf0_0, 1, 1;
    .scope S_0x564314dc2430;
T_0 ;
    %wait E_0x564314db1450;
    %delay 1, 0;
    %pushi/vec4 0, 0, 4;
    %store/vec4 v0x564314de3770_0, 0, 4;
    %pushi/vec4 0, 0, 4;
    %store/vec4 v0x564314de38a0_0, 0, 4;
    %load/vec4 v0x564314de3980_0;
    %parti/s 1, 1, 2;
    %flag_set/vec4 8;
    %jmp/0xz  T_0.0, 8;
    %pushi/vec4 15, 0, 4;
    %store/vec4 v0x564314de3770_0, 0, 4;
T_0.0 ;
    %load/vec4 v0x564314de3980_0;
    %parti/s 1, 0, 2;
    %flag_set/vec4 8;
    %jmp/0xz  T_0.2, 8;
    %pushi/vec4 15, 0, 4;
    %store/vec4 v0x564314de38a0_0, 0, 4;
T_0.2 ;
    %load/vec4 v0x564314de3980_0;
    %pad/u 32;
    %cmpi/e 0, 0, 32;
    %jmp/0xz  T_0.4, 4;
    %load/vec4 v0x564314de3490_0;
    %pad/u 7;
    %load/vec4 v0x564314de3550_0;
    %pad/u 7;
    %mul;
    %store/vec4 v0x564314de3690_0, 0, 7;
    %load/vec4 v0x564314de3690_0;
    %pad/u 32;
    %load/vec4 v0x564314de3690_0;
    %pad/u 32;
    %pushi/vec4 10, 0, 32;
    %mod;
    %sub;
    %pushi/vec4 10, 0, 32;
    %div;
    %pad/u 4;
    %store/vec4 v0x564314de3770_0, 0, 4;
    %load/vec4 v0x564314de3690_0;
    %pad/u 32;
    %pushi/vec4 10, 0, 32;
    %mod;
    %pad/u 4;
    %store/vec4 v0x564314de38a0_0, 0, 4;
T_0.4 ;
    %jmp T_0;
    .thread T_0, $push;
    .scope S_0x564314dc22b0;
T_1 ;
    %pushi/vec4 0, 0, 4;
    %store/vec4 v0x564314de3ae0_0, 0, 4;
    %pushi/vec4 3, 0, 4;
    %store/vec4 v0x564314de3bf0_0, 0, 4;
    %delay 2, 0;
    %pushi/vec4 5, 0, 4;
    %store/vec4 v0x564314de3ae0_0, 0, 4;
    %pushi/vec4 0, 0, 4;
    %store/vec4 v0x564314de3bf0_0, 0, 4;
    %delay 2, 0;
    %pushi/vec4 9, 0, 4;
    %store/vec4 v0x564314de3ae0_0, 0, 4;
    %pushi/vec4 4, 0, 4;
    %store/vec4 v0x564314de3bf0_0, 0, 4;
    %delay 2, 0;
    %pushi/vec4 2, 0, 4;
    %store/vec4 v0x564314de3ae0_0, 0, 4;
    %pushi/vec4 7, 0, 4;
    %store/vec4 v0x564314de3bf0_0, 0, 4;
    %delay 2, 0;
    %pushi/vec4 13, 0, 4;
    %store/vec4 v0x564314de3ae0_0, 0, 4;
    %pushi/vec4 3, 0, 4;
    %store/vec4 v0x564314de3bf0_0, 0, 4;
    %delay 2, 0;
    %pushi/vec4 3, 0, 4;
    %store/vec4 v0x564314de3ae0_0, 0, 4;
    %pushi/vec4 14, 0, 4;
    %store/vec4 v0x564314de3bf0_0, 0, 4;
    %delay 2, 0;
    %pushi/vec4 15, 0, 4;
    %store/vec4 v0x564314de3ae0_0, 0, 4;
    %pushi/vec4 10, 0, 4;
    %store/vec4 v0x564314de3bf0_0, 0, 4;
    %delay 2, 0;
    %vpi_call 2 30 "$finish" {0 0 0};
    %end;
    .thread T_1;
    .scope S_0x564314dc22b0;
T_2 ;
    %wait E_0x564314db1160;
    %vpi_call 2 35 "$display", "Trying operation %d * %d...", v0x564314de3ae0_0, v0x564314de3bf0_0 {0 0 0};
    %load/vec4 v0x564314de3d00_0;
    %parti/s 4, 4, 4;
    %pad/u 32;
    %cmpi/e 15, 0, 32;
    %flag_mov 8, 4;
    %load/vec4 v0x564314de3d00_0;
    %parti/s 4, 0, 2;
    %pad/u 32;
    %cmpi/e 15, 0, 32;
    %flag_or 4, 8;
    %jmp/0xz  T_2.0, 4;
    %vpi_call 2 38 "$display", "Error: Invalid input detected" {0 0 0};
    %load/vec4 v0x564314de3d00_0;
    %parti/s 4, 4, 4;
    %pad/u 32;
    %cmpi/e 15, 0, 32;
    %jmp/0xz  T_2.2, 4;
    %vpi_call 2 41 "$display", "First multiplier error: %d is not a valid one digit BCD number", v0x564314de3ae0_0 {0 0 0};
T_2.2 ;
    %load/vec4 v0x564314de3d00_0;
    %parti/s 4, 0, 2;
    %pad/u 32;
    %cmpi/e 15, 0, 32;
    %jmp/0xz  T_2.4, 4;
    %vpi_call 2 45 "$display", "Second multiplier error: %d is not a valid one digit BCD number", v0x564314de3bf0_0 {0 0 0};
T_2.4 ;
    %jmp T_2.1;
T_2.0 ;
    %vpi_call 2 50 "$display", "Valid input!" {0 0 0};
    %vpi_call 2 51 "$display", "%d * %d = %h", v0x564314de3ae0_0, v0x564314de3bf0_0, v0x564314de3d00_0 {0 0 0};
T_2.1 ;
    %jmp T_2;
    .thread T_2, $push;
# The file index is used to find the file name in the following table.
:file_names 5;
    "N/A";
    "<interactive>";
    "BCDMultiplier_tb.v";
    "BCDMultiplier.v";
    "BCDValidator.v";
